\BOOKMARK [0][]{chapter.1}{1 Introduction}{}% 1
\BOOKMARK [0][]{chapter.2}{2 Hardware}{}% 2
\BOOKMARK [1][]{section.2.1}{2.1 Motivation}{chapter.2}% 3
\BOOKMARK [1][]{section.2.2}{2.2 Fluorescence microscopy}{chapter.2}% 4
\BOOKMARK [1][]{section.2.3}{2.3 Confocal microscopy}{chapter.2}% 5
\BOOKMARK [1][]{section.2.4}{2.4 Confocal-theta microscopy}{chapter.2}% 6
\BOOKMARK [1][]{section.2.5}{2.5 Dual Mouse SPIM}{chapter.2}% 7
\BOOKMARK [1][]{section.2.6}{2.6 Optical properties}{chapter.2}% 8
\BOOKMARK [1][]{section.2.7}{2.7 Multi-view fusion techniques}{chapter.2}% 9
\BOOKMARK [1][]{section.2.8}{2.8 Dual Mouse-SPIM}{chapter.2}% 10
\BOOKMARK [0][]{chapter.3}{3 Software}{}% 11
\BOOKMARK [1][]{section.3.1}{3.1 Multi-view image fusion}{chapter.3}% 12
\BOOKMARK [1][]{section.3.2}{3.2 Image compression}{chapter.3}% 13
\BOOKMARK [1][]{section.3.3}{3.3 Entropy coding}{chapter.3}% 14
\BOOKMARK [1][]{section.3.4}{3.4 Transform coding}{chapter.3}% 15
\BOOKMARK [1][]{section.3.5}{3.5 Conclusion}{chapter.3}% 16
\BOOKMARK [0][]{chapter.4}{4 Real-time image processing}{}% 17
\BOOKMARK [1][]{section.4.1}{4.1 GPU architecture}{chapter.4}% 18
\BOOKMARK [1][]{section.4.2}{4.2 Live fusion}{chapter.4}% 19
\BOOKMARK [1][]{section.4.3}{4.3 B3D image compression}{chapter.4}% 20
\BOOKMARK [0][]{chapter.5}{5 Discussion}{}% 21
\BOOKMARK [0][]{section*.32}{Acknowledgements}{}% 22
\BOOKMARK [0][]{section*.33}{References}{}% 23
